[debug] [2025-05-16T10:21:29.772Z] ----------------------------------------------------------------------
[debug] [2025-05-16T10:21:29.777Z] Command:       C:\Program Files\nodejs\node.exe C:\Users\rnand\AppData\Roaming\npm\node_modules\firebase-tools\lib\bin\firebase.js init
[debug] [2025-05-16T10:21:29.777Z] CLI Version:   14.4.0
[debug] [2025-05-16T10:21:29.778Z] Platform:      win32
[debug] [2025-05-16T10:21:29.781Z] Node Version:  v20.18.0
[debug] [2025-05-16T10:21:29.781Z] Time:          Fri May 16 2025 15:51:29 GMT+0530 (India Standard Time)
[debug] [2025-05-16T10:21:29.781Z] ----------------------------------------------------------------------
[debug] 
[debug] [2025-05-16T10:21:29.793Z] > command requires scopes: ["email","openid","https://www.googleapis.com/auth/cloudplatformprojects.readonly","https://www.googleapis.com/auth/firebase","https://www.googleapis.com/auth/cloud-platform"]
[debug] [2025-05-16T10:21:29.794Z] > authorizing via signed-in user (r.nandakishore24@gmail.com)
[info] 
     ######## #### ########  ######## ########     ###     ######  ########
     ##        ##  ##     ## ##       ##     ##  ##   ##  ##       ##
     ######    ##  ########  ######   ########  #########  ######  ######
     ##        ##  ##    ##  ##       ##     ## ##     ##       ## ##
     ##       #### ##     ## ######## ########  ##     ##  ######  ########

You're about to initialize a Firebase project in this directory:

  E:\Asvix\Medibot\Medibot-AI\User-Interface

[debug] [2025-05-16T10:26:05.798Z] ExitPromptError: User force closed the prompt with SIGINT
    at Interface.sigint (C:\Users\rnand\AppData\Roaming\npm\node_modules\firebase-tools\node_modules\@inquirer\core\dist\commonjs\lib\create-prompt.js:100:37)
    at Interface.emit (node:events:519:28)
    at Interface.emit (node:domain:488:12)
    at [_ttyWrite] [as _ttyWrite] (node:internal/readline/interface:1126:18)
    at ReadStream.onkeypress (node:internal/readline/interface:265:20)
    at ReadStream.emit (node:events:531:35)
    at ReadStream.emit (node:domain:488:12)
    at emitKeys (node:internal/readline/utils:371:14)
    at emitKeys.next (<anonymous>)
    at ReadStream.onData (node:internal/readline/emitKeypressEvents:64:36)
[error] 
[error] Error: An unexpected error has occurred.
